c:\users\mao\google drive\uqac\programmation orientée objet\tp\soccerleague_schott\debug\soccerleague_schott.bsc
c:\users\mao\google drive\uqac\programmation orientée objet\tp\soccerleague_schott\soccerleague_schott\debug\vc120.pdb
c:\users\mao\google drive\uqac\programmation orientée objet\tp\soccerleague_schott\soccerleague_schott\debug\vc120.idb
c:\users\mao\google drive\uqac\programmation orientée objet\tp\soccerleague_schott\soccerleague_schott\debug\titregagne.sbr
c:\users\mao\google drive\uqac\programmation orientée objet\tp\soccerleague_schott\soccerleague_schott\debug\stade.sbr
c:\users\mao\google drive\uqac\programmation orientée objet\tp\soccerleague_schott\soccerleague_schott\debug\sportif.sbr
c:\users\mao\google drive\uqac\programmation orientée objet\tp\soccerleague_schott\soccerleague_schott\debug\secretaire.sbr
c:\users\mao\google drive\uqac\programmation orientée objet\tp\soccerleague_schott\soccerleague_schott\debug\reglement.sbr
c:\users\mao\google drive\uqac\programmation orientée objet\tp\soccerleague_schott\soccerleague_schott\debug\recruteur.sbr
c:\users\mao\google drive\uqac\programmation orientée objet\tp\soccerleague_schott\soccerleague_schott\debug\president.sbr
c:\users\mao\google drive\uqac\programmation orientée objet\tp\soccerleague_schott\soccerleague_schott\debug\personne.sbr
c:\users\mao\google drive\uqac\programmation orientée objet\tp\soccerleague_schott\soccerleague_schott\debug\parcours.sbr
c:\users\mao\google drive\uqac\programmation orientée objet\tp\soccerleague_schott\soccerleague_schott\debug\palmares.sbr
c:\users\mao\google drive\uqac\programmation orientée objet\tp\soccerleague_schott\soccerleague_schott\debug\liguesoccerapp.sbr
c:\users\mao\google drive\uqac\programmation orientée objet\tp\soccerleague_schott\soccerleague_schott\debug\liguesoccer.sbr
c:\users\mao\google drive\uqac\programmation orientée objet\tp\soccerleague_schott\soccerleague_schott\debug\joueur.sbr
c:\users\mao\google drive\uqac\programmation orientée objet\tp\soccerleague_schott\soccerleague_schott\debug\infirmierspecialise.sbr
c:\users\mao\google drive\uqac\programmation orientée objet\tp\soccerleague_schott\soccerleague_schott\debug\entraineur.sbr
c:\users\mao\google drive\uqac\programmation orientée objet\tp\soccerleague_schott\soccerleague_schott\debug\ecran.sbr
c:\users\mao\google drive\uqac\programmation orientée objet\tp\soccerleague_schott\soccerleague_schott\debug\contrat.sbr
c:\users\mao\google drive\uqac\programmation orientée objet\tp\soccerleague_schott\soccerleague_schott\debug\club.sbr
c:\users\mao\google drive\uqac\programmation orientée objet\tp\soccerleague_schott\soccerleague_schott\debug\arbitre.sbr
c:\users\mao\google drive\uqac\programmation orientée objet\tp\soccerleague_schott\soccerleague_schott\debug\arbitre.obj
c:\users\mao\google drive\uqac\programmation orientée objet\tp\soccerleague_schott\soccerleague_schott\debug\club.obj
c:\users\mao\google drive\uqac\programmation orientée objet\tp\soccerleague_schott\soccerleague_schott\debug\contrat.obj
c:\users\mao\google drive\uqac\programmation orientée objet\tp\soccerleague_schott\soccerleague_schott\debug\ecran.obj
c:\users\mao\google drive\uqac\programmation orientée objet\tp\soccerleague_schott\soccerleague_schott\debug\entraineur.obj
c:\users\mao\google drive\uqac\programmation orientée objet\tp\soccerleague_schott\soccerleague_schott\debug\infirmierspecialise.obj
c:\users\mao\google drive\uqac\programmation orientée objet\tp\soccerleague_schott\soccerleague_schott\debug\joueur.obj
c:\users\mao\google drive\uqac\programmation orientée objet\tp\soccerleague_schott\soccerleague_schott\debug\liguesoccer.obj
c:\users\mao\google drive\uqac\programmation orientée objet\tp\soccerleague_schott\soccerleague_schott\debug\liguesoccerapp.obj
c:\users\mao\google drive\uqac\programmation orientée objet\tp\soccerleague_schott\soccerleague_schott\debug\palmares.obj
c:\users\mao\google drive\uqac\programmation orientée objet\tp\soccerleague_schott\soccerleague_schott\debug\parcours.obj
c:\users\mao\google drive\uqac\programmation orientée objet\tp\soccerleague_schott\soccerleague_schott\debug\personne.obj
c:\users\mao\google drive\uqac\programmation orientée objet\tp\soccerleague_schott\soccerleague_schott\debug\president.obj
c:\users\mao\google drive\uqac\programmation orientée objet\tp\soccerleague_schott\soccerleague_schott\debug\recruteur.obj
c:\users\mao\google drive\uqac\programmation orientée objet\tp\soccerleague_schott\soccerleague_schott\debug\reglement.obj
c:\users\mao\google drive\uqac\programmation orientée objet\tp\soccerleague_schott\soccerleague_schott\debug\secretaire.obj
c:\users\mao\google drive\uqac\programmation orientée objet\tp\soccerleague_schott\soccerleague_schott\debug\sportif.obj
c:\users\mao\google drive\uqac\programmation orientée objet\tp\soccerleague_schott\soccerleague_schott\debug\stade.obj
c:\users\mao\google drive\uqac\programmation orientée objet\tp\soccerleague_schott\soccerleague_schott\debug\titregagne.obj
c:\users\mao\google drive\uqac\programmation orientée objet\tp\soccerleague_schott\debug\soccerleague_schott.ilk
c:\users\mao\google drive\uqac\programmation orientée objet\tp\soccerleague_schott\debug\soccerleague_schott.exe
c:\users\mao\google drive\uqac\programmation orientée objet\tp\soccerleague_schott\debug\soccerleague_schott.pdb
c:\users\mao\google drive\uqac\programmation orientée objet\tp\soccerleague_schott\soccerleague_schott\debug\soccerle.f191abf1.tlog\bscmake.command.1.tlog
c:\users\mao\google drive\uqac\programmation orientée objet\tp\soccerleague_schott\soccerleague_schott\debug\soccerle.f191abf1.tlog\bscmake.read.1.tlog
c:\users\mao\google drive\uqac\programmation orientée objet\tp\soccerleague_schott\soccerleague_schott\debug\soccerle.f191abf1.tlog\bscmake.write.1.tlog
c:\users\mao\google drive\uqac\programmation orientée objet\tp\soccerleague_schott\soccerleague_schott\debug\soccerle.f191abf1.tlog\cl.command.1.tlog
c:\users\mao\google drive\uqac\programmation orientée objet\tp\soccerleague_schott\soccerleague_schott\debug\soccerle.f191abf1.tlog\cl.read.1.tlog
c:\users\mao\google drive\uqac\programmation orientée objet\tp\soccerleague_schott\soccerleague_schott\debug\soccerle.f191abf1.tlog\cl.write.1.tlog
c:\users\mao\google drive\uqac\programmation orientée objet\tp\soccerleague_schott\soccerleague_schott\debug\soccerle.f191abf1.tlog\link.command.1.tlog
c:\users\mao\google drive\uqac\programmation orientée objet\tp\soccerleague_schott\soccerleague_schott\debug\soccerle.f191abf1.tlog\link.read.1.tlog
c:\users\mao\google drive\uqac\programmation orientée objet\tp\soccerleague_schott\soccerleague_schott\debug\soccerle.f191abf1.tlog\link.write.1.tlog
